<?xml version="1.0" encoding="utf-8"?><testsuites name="pytest tests"><testsuite name="pytest" errors="0" failures="1" skipped="0" tests="37" time="4.535" timestamp="2026-08-13T07:17:14.836736+00:00" hostname="agent-env-ab666072-4a53-47c4-9449-a1349b2b73ae"><testcase classname="tests.test_batches.TestBatchHappyPath" name="test_qc_create_batch_multi_customer_product" time="1.912" /><testcase classname="tests.test_batches.TestBatchHappyPath" name="test_qc_enters_results_in_spec" time="0.054" /><testcase classname="tests.test_batches.TestHoldOverdueInstrument" name="test_release_with_overdue_instrument_puts_on_hold" time="2.146" /><testcase classname="tests.test_batches.TestBatchHappyPath" name="test_qc_release_generates_active_coa" time="0.055" /><testcase classname="tests.test_batches.TestBatchHappyPath" name="test_second_release_blocked" time="0.084" /><testcase classname="tests.test_batches.TestBatchHappyPath" name="test_qa_send_coa_to_multiple_recipients" time="0.197" /><testcase classname="tests.test_batches.TestHoldOverdueInstrument" name="test_qa_return_requires_actions_then_qc_amend" time="0.055" /><testcase classname="tests.test_batches.TestHoldOverdueInstrument" name="test_qc_amend_requires_reason" time="0.044" /><testcase classname="tests.test_batches.TestHoldOverdueInstrument" name="test_qc_amend_with_reason_and_switch_instrument" time="0.047" /><testcase classname="tests.test_batches.TestHoldOverdueInstrument" name="test_qc_resubmit_and_qa_release_requires_investigation_docs" time="0.134" /><testcase classname="tests.test_batches.TestBatchHappyPath" name="test_qa_amend_production_date_marks_reissue" time="0.050" /><testcase classname="tests.test_batches.TestBatchHappyPath" name="test_qa_authorises_replacement_coa" time="0.142" /><testcase classname="tests.test_batches.TestHoldOverdueInstrument" name="test_qa_release_with_documentation_generates_coa" time="0.049" /><testcase classname="tests.test_batches.TestSeed" name="test_products_seeded" time="0.000" /><testcase classname="tests.test_batches.TestSeed" name="test_instruments_seeded" time="0.000" /><testcase classname="tests.test_batches.TestSeed" name="test_customers_seeded" time="0.000" /><testcase classname="tests.test_batches.TestSeed" name="test_process_water_no_shelf_life" time="0.000" /><testcase classname="tests.test_batches.TestRoleGating" name="test_qa_cannot_approve_own_submitted_batch" time="0.138" /><testcase classname="tests.test_batches.TestBatchHappyPath" name="test_sending_superseded_coa_rejected" time="0.094" /><testcase classname="tests.test_batches.TestCustomersRBAC" name="test_qc_cannot_create_customer" time="0.085" /><testcase classname="tests.test_batches.TestRoleGating" name="test_qc_cannot_amend_production_date" time="0.095" /><testcase classname="tests.test_batches.TestCustomersRBAC" name="test_qa_cannot_create_customer" time="0.085" /><testcase classname="tests.test_batches.TestRoleGating" name="test_qc_cannot_cancel" time="0.093" /><testcase classname="tests.test_batches.TestCustomersRBAC" name="test_admin_creates_and_adds_contact" time="0.095" /><testcase classname="tests.test_batches.TestRoleGating" name="test_admin_cannot_cancel" time="0.096" /><testcase classname="tests.test_batches.TestCustomersRBAC" name="test_qc_qa_can_view_customers" time="0.175" /><testcase classname="tests.test_batches.TestCancellation" name="test_qa_cancels_batch_without_coa" time="0.094" /><testcase classname="tests.test_batches.TestCancellation" name="test_cancel_requires_reason" time="0.099" /><testcase classname="tests.test_batches.TestSpecAmendment" name="test_qc_cannot_amend_product" time="0.048" /><testcase classname="tests.test_batches.TestSpecAmendment" name="test_qa_amend_shelf_life_snapshots_old_batches" time="0.238"><failure message="assert 1 == 2">backend/tests/test_batches.py:465: in test_qa_amend_shelf_life_snapshots_old_batches
    assert post["spec_version"] == new_v["version"]
E   assert 1 == 2</failure></testcase><testcase classname="tests.test_batches.TestCancellation" name="test_cancel_blocked_when_coa_exists" time="0.097" /><testcase classname="tests.test_batches.TestHoldFailResult" name="test_fail_result_holds_batch" time="0.228" /><testcase classname="tests.test_batches.TestSpecAmendment" name="test_amend_without_reason_rejected" time="0.045" /><testcase classname="tests.test_batches.TestExclusiveProduct" name="test_create_batch_for_exclusive_product_locks_customer" time="0.051" /><testcase classname="tests.test_batches.TestHoldFailResult" name="test_missing_result_holds_batch" time="0.224" /><testcase classname="tests.test_batches.TestHistory" name="test_batch_history_records_actions" time="0.097" /><testcase classname="tests.test_batches.TestNoShelfLife" name="test_batch_with_no_shelf_life" time="0.047" /></testsuite></testsuites>