<?xml version="1.0" encoding="utf-8"?><testsuites name="pytest tests"><testsuite name="pytest" errors="0" failures="0" skipped="0" tests="88" time="19.301" timestamp="2026-08-13T08:02:20.150948+00:00" hostname="agent-env-ab666072-4a53-47c4-9449-a1349b2b73ae"><testcase classname="tests.backend_test.TestWorkflow" name="test_qc_creates_sample" time="1.502" /><testcase classname="tests.backend_test.TestWorkflow" name="test_qc_saves_results_pass_warn_fail" time="0.054" /><testcase classname="tests.backend_test.TestWorkflow" name="test_appearance_mismatch_fails" time="0.045" /><testcase classname="tests.backend_test.TestWorkflow" name="test_qc_cannot_approve" time="0.135" /><testcase classname="tests.test_batches.TestBatchHappyPath" name="test_qc_create_batch_multi_customer_product" time="1.740" /><testcase classname="tests.backend_test.TestWorkflow" name="test_qa_reject_requires_comment" time="0.050" /><testcase classname="tests.test_batches.TestBatchHappyPath" name="test_qc_enters_results_in_spec" time="0.054" /><testcase classname="tests.backend_test.TestWorkflow" name="test_qa_reject_with_comment_creates_oos" time="0.099" /><testcase classname="tests.test_batches.TestBatchHappyPath" name="test_qc_release_generates_active_coa" time="0.050" /><testcase classname="tests.test_batches.TestBatchHappyPath" name="test_second_release_blocked" time="0.044" /><testcase classname="tests.backend_test.TestWorkflow" name="test_resubmit_and_approve_locks" time="0.183" /><testcase classname="tests.test_batches.TestBatchHappyPath" name="test_qa_send_coa_to_multiple_recipients" time="0.142" /><testcase classname="tests.test_batches.TestBatchHappyPath" name="test_qa_amend_production_date_marks_reissue" time="0.052" /><testcase classname="tests.backend_test.TestWorkflow" name="test_coa_export" time="0.046" /><testcase classname="tests.test_batches.TestBatchHappyPath" name="test_qa_authorises_replacement_coa" time="0.142" /><testcase classname="tests.test_batches.TestBatchHappyPath" name="test_sending_superseded_coa_rejected" time="0.277" /><testcase classname="tests.backend_test.TestAuth" name="test_login_admin" time="0.543" /><testcase classname="tests.backend_test.TestAuth" name="test_login_qa" time="0.495" /><testcase classname="tests.backend_test.TestAuth" name="test_login_qc" time="0.324" /><testcase classname="tests.backend_test.TestAuth" name="test_login_wrong_password" time="0.322" /><testcase classname="tests.backend_test.TestAuth" name="test_me_requires_auth" time="0.134" /><testcase classname="tests.test_iteration3.TestCoAPDF" name="test_active_pdf_download" time="2.263" /><testcase classname="tests.test_iteration3.TestCoAPDF" name="test_qc_can_also_download" time="0.279" /><testcase classname="tests.backend_test.TestAuth" name="test_me_with_token" time="0.366" /><testcase classname="tests.test_iteration3.TestCoAPDF" name="test_admin_can_download" time="0.058" /><testcase classname="tests.test_iteration3.TestCoAPDF" name="test_pdf_download_logged_in_history_and_audit" time="0.296" /><testcase classname="tests.test_iteration3.TestCoAPDF" name="test_no_shelf_life_pdf_omits_expiry" time="0.759" /><testcase classname="tests.test_iteration3.TestCoAPDF" name="test_superseded_pdf_marked" time="0.453" /><testcase classname="tests.test_batches.TestHoldOverdueInstrument" name="test_release_with_overdue_instrument_puts_on_hold" time="1.638" /><testcase classname="tests.test_iteration3.TestCoAPDF" name="test_pdf_404_for_bad_coa" time="0.047" /><testcase classname="tests.test_batches.TestHoldOverdueInstrument" name="test_qa_return_requires_actions_then_qc_amend" time="0.294" /><testcase classname="tests.backend_test.TestUserManagement" name="test_password_min_length_enforced" time="0.405" /><testcase classname="tests.test_batches.TestHoldOverdueInstrument" name="test_qc_amend_requires_reason" time="0.062" /><testcase classname="tests.backend_test.TestUserManagement" name="test_create_qc_user" time="0.272" /><testcase classname="tests.test_batches.TestHoldOverdueInstrument" name="test_qc_amend_with_reason_and_switch_instrument" time="0.312" /><testcase classname="tests.backend_test.TestUserManagement" name="test_new_user_can_login" time="0.319" /><testcase classname="tests.test_batches.TestHoldOverdueInstrument" name="test_qc_resubmit_and_qa_release_requires_investigation_docs" time="0.332" /><testcase classname="tests.backend_test.TestUserManagement" name="test_change_role" time="0.050" /><testcase classname="tests.backend_test.TestUserManagement" name="test_deactivate_blocks_login" time="0.383" /><testcase classname="tests.test_batches.TestHoldOverdueInstrument" name="test_qa_release_with_documentation_generates_coa" time="0.072" /><testcase classname="tests.backend_test.TestAudit" name="test_audit_has_login_and_workflow_actions" time="0.068" /><testcase classname="tests.backend_test.TestAudit" name="test_audit_filter_by_action" time="0.227" /><testcase classname="tests.backend_test.TestAudit" name="test_audit_filter_by_email" time="0.050" /><testcase classname="tests.backend_test.TestAudit" name="test_update_result_audit_has_before_after" time="0.046" /><testcase classname="tests.test_batches.TestSeed" name="test_products_seeded" time="1.756" /><testcase classname="tests.test_batches.TestSeed" name="test_instruments_seeded" time="0.000" /><testcase classname="tests.test_batches.TestSeed" name="test_customers_seeded" time="0.000" /><testcase classname="tests.test_batches.TestSeed" name="test_process_water_no_shelf_life" time="0.000" /><testcase classname="tests.test_batches.TestRoleGating" name="test_qa_cannot_approve_own_submitted_batch" time="0.108" /><testcase classname="tests.test_batches.TestCustomersRBAC" name="test_qc_cannot_create_customer" time="1.793" /><testcase classname="tests.test_batches.TestRoleGating" name="test_qc_cannot_amend_production_date" time="0.107" /><testcase classname="tests.test_batches.TestCustomersRBAC" name="test_qa_cannot_create_customer" time="0.088" /><testcase classname="tests.test_batches.TestRoleGating" name="test_qc_cannot_cancel" time="0.104" /><testcase classname="tests.test_batches.TestCustomersRBAC" name="test_admin_creates_and_adds_contact" time="0.127" /><testcase classname="tests.test_batches.TestRoleGating" name="test_admin_cannot_cancel" time="0.090" /><testcase classname="tests.test_batches.TestCustomersRBAC" name="test_qc_qa_can_view_customers" time="0.108" /><testcase classname="tests.test_iteration3.TestQAQueues" name="test_qa_can_access" time="0.549" /><testcase classname="tests.test_iteration3.TestStabilityAlerts" name="test_default_alerts" time="0.551" /><testcase classname="tests.test_iteration3.TestStabilityAlerts" name="test_alerts_sorted_ascending" time="0.043" /><testcase classname="tests.test_iteration3.TestQAQueues" name="test_admin_can_access" time="0.597" /><testcase classname="tests.test_iteration3.TestQAQueues" name="test_qc_forbidden" time="0.596" /><testcase classname="tests.test_iteration3.TestStabilityAlerts" name="test_alerts_exclude_no_shelf_life" time="1.428" /><testcase classname="tests.test_iteration3.TestStabilityAlerts" name="test_small_window_returns_fewer" time="0.138" /><testcase classname="tests.test_iteration3.TestQAQueues" name="test_to_send_contains_released" time="0.374" /><testcase classname="tests.backend_test.TestSeed" name="test_sample_points_seeded" time="0.044" /><testcase classname="tests.backend_test.TestSeed" name="test_parameters_seeded" time="0.083" /><testcase classname="tests.backend_test.TestSeed" name="test_specifications_seeded" time="0.041" /><testcase classname="tests.backend_test.TestRoles" name="test_qc_cannot_list_users" time="0.554" /><testcase classname="tests.backend_test.TestRoles" name="test_qa_cannot_list_users" time="0.552" /><testcase classname="tests.backend_test.TestRoles" name="test_admin_lists_users" time="0.045" /><testcase classname="tests.test_batches.TestCancellation" name="test_qa_cancels_batch_without_coa" time="2.300" /><testcase classname="tests.test_batches.TestCancellation" name="test_cancel_requires_reason" time="0.103" /><testcase classname="tests.test_batches.TestCancellation" name="test_cancel_blocked_when_coa_exists" time="0.176" /><testcase classname="tests.test_batches.TestSpecAmendment" name="test_qc_cannot_amend_product" time="1.408" /><testcase classname="tests.test_batches.TestSpecAmendment" name="test_qa_amend_shelf_life_snapshots_old_batches" time="0.180" /><testcase classname="tests.test_batches.TestSpecAmendment" name="test_amend_without_reason_rejected" time="0.245" /><testcase classname="tests.backend_test.TestSpecs" name="test_qc_cannot_edit_spec" time="0.103" /><testcase classname="tests.backend_test.TestSpecs" name="test_qa_edits_spec_increments_version" time="0.305" /><testcase classname="tests.backend_test.TestDashboard" name="test_dashboard_admin" time="0.044" /><testcase classname="tests.backend_test.TestDashboard" name="test_dashboard_qc" time="0.050" /><testcase classname="tests.test_iteration3.TestBatchReportCSV" name="test_csv_download" time="1.994" /><testcase classname="tests.test_iteration3.TestBatchReportCSV" name="test_csv_audits_export" time="0.100" /><testcase classname="tests.test_iteration3.TestBatchReportCSV" name="test_all_roles_can_export" time="0.165" /><testcase classname="tests.test_batches.TestHoldFailResult" name="test_fail_result_holds_batch" time="1.856" /><testcase classname="tests.test_batches.TestHoldFailResult" name="test_missing_result_holds_batch" time="0.747" /><testcase classname="tests.test_batches.TestExclusiveProduct" name="test_create_batch_for_exclusive_product_locks_customer" time="0.103" /><testcase classname="tests.test_batches.TestNoShelfLife" name="test_batch_with_no_shelf_life" time="1.231" /><testcase classname="tests.test_batches.TestHistory" name="test_batch_history_records_actions" time="0.155" /></testsuite></testsuites>