<?xml version="1.0" encoding="utf-8"?><testsuites name="pytest tests"><testsuite name="pytest" errors="0" failures="1" skipped="0" tests="156" time="118.438" timestamp="2026-08-14T12:40:38.204082+00:00" hostname="agent-env-ab666072-4a53-47c4-9449-a1349b2b73ae"><testcase classname="tests.test_iteration8_verify" name="test_provisioning_status" time="0.463" /><testcase classname="tests.test_iteration8_verify" name="test_first_run_403_for_strong_and_weak" time="0.452" /><testcase classname="tests.test_iteration8_verify" name="test_default_credentials_rejected" time="1.277" /><testcase classname="tests.test_oos_disposition.TestMineralAcceptanceScenario" name="test_batch_is_released" time="2.041" /><testcase classname="tests.test_oos_disposition.TestMineralAcceptanceScenario" name="test_original_value_unchanged" time="0.001" /><testcase classname="tests.test_oos_disposition.TestMineralAcceptanceScenario" name="test_original_classification_remains_fail" time="0.000" /><testcase classname="tests.test_oos_disposition.TestMineralAcceptanceScenario" name="test_specification_not_altered_to_make_result_pass" time="0.077" /><testcase classname="tests.test_oos_disposition.TestMineralAcceptanceScenario" name="test_disposition_record_is_complete" time="0.121" /><testcase classname="tests.test_iteration8_verify" name="test_no_password_in_login_me_users" time="0.611" /><testcase classname="tests.test_oos_disposition.TestMineralAcceptanceScenario" name="test_original_result_and_spec_preserved_in_disposition" time="0.002" /><testcase classname="tests.test_oos_disposition.TestMineralAcceptanceScenario" name="test_release_is_traceable_in_batch_history" time="0.089" /><testcase classname="tests.test_oos_disposition.TestMineralAcceptanceScenario" name="test_release_is_audited" time="0.233" /><testcase classname="tests.test_oos_disposition.TestMineralAcceptanceScenario" name="test_coa_does_not_present_the_failure_as_a_pass" time="0.000" /><testcase classname="tests.test_oos_disposition.TestMineralAcceptanceScenario" name="test_coa_withholds_confidential_investigation_detail_by_default" time="0.000" /><testcase classname="tests.test_oos_disposition.TestMineralAcceptanceScenario" name="test_coa_pdf_generates" time="0.176" /><testcase classname="tests.test_oos_disposition.TestMineralAcceptanceScenario" name="test_oos_log_retains_the_event" time="0.086" /><testcase classname="tests.test_iteration8_verify" name="test_qa_cannot_create_user_or_change_role" time="1.521" /><testcase classname="tests.test_oos_disposition.TestMineralAcceptanceScenario" name="test_csv_report_shows_release_basis" time="0.389" /><testcase classname="tests.test_oos_disposition.TestMineralAcceptanceScenario" name="test_second_release_attempt_is_rejected" time="0.076" /><testcase classname="tests.test_oos_disposition.TestMineralAcceptanceScenario" name="test_results_are_locked_after_release" time="0.145" /><testcase classname="tests.test_iteration8_verify" name="test_unauthenticated_users_401" time="0.149" /><testcase classname="tests.test_iteration8_verify" name="test_logout_revokes_access_and_refresh_cookie" time="0.775" /><testcase classname="tests.backend_test.TestWorkflow" name="test_qc_creates_sample" time="1.555" /><testcase classname="tests.backend_test.TestWorkflow" name="test_qc_saves_results_pass_warn_fail" time="0.091" /><testcase classname="tests.backend_test.TestWorkflow" name="test_appearance_mismatch_fails" time="0.106" /><testcase classname="tests.backend_test.TestWorkflow" name="test_qc_cannot_approve" time="0.179" /><testcase classname="tests.test_iteration8_verify" name="test_refresh_rotation_old_refresh_rejected" time="0.697" /><testcase classname="tests.backend_test.TestWorkflow" name="test_qa_reject_requires_comment" time="0.285" /><testcase classname="tests.backend_test.TestWorkflow" name="test_qa_reject_with_comment_creates_oos" time="0.157" /><testcase classname="tests.backend_test.TestWorkflow" name="test_resubmit_and_approve_locks" time="0.387" /><testcase classname="tests.test_iteration8_verify" name="test_temp_password_flow" time="4.952" /><testcase classname="tests.backend_test.TestWorkflow" name="test_coa_export" time="0.132" /><testcase classname="tests.test_batches.TestBatchHappyPath" name="test_qc_create_batch_multi_customer_product" time="3.455" /><testcase classname="tests.test_batches.TestBatchHappyPath" name="test_qc_enters_results_in_spec" time="0.072" /><testcase classname="tests.test_batches.TestBatchHappyPath" name="test_qc_release_generates_active_coa" time="0.285" /><testcase classname="tests.test_batches.TestBatchHappyPath" name="test_second_release_blocked" time="0.063" /><testcase classname="tests.test_batches.TestBatchHappyPath" name="test_qa_send_coa_to_multiple_recipients" time="0.459" /><testcase classname="tests.test_batches.TestBatchHappyPath" name="test_qa_amend_production_date_marks_reissue" time="0.080" /><testcase classname="tests.test_batches.TestBatchHappyPath" name="test_qa_authorises_replacement_coa" time="0.235" /><testcase classname="tests.test_iteration8_verify" name="test_deactivate_invalidates_sessions_and_blocks_login" time="2.504" /><testcase classname="tests.test_batches.TestBatchHappyPath" name="test_sending_superseded_coa_rejected" time="0.348" /><testcase classname="tests.test_iteration3.TestCoAPDF" name="test_active_pdf_download" time="2.137" /><testcase classname="tests.test_iteration3.TestCoAPDF" name="test_qc_can_also_download" time="0.284" /><testcase classname="tests.test_iteration3.TestCoAPDF" name="test_admin_can_download" time="0.069" /><testcase classname="tests.test_iteration3.TestCoAPDF" name="test_pdf_download_logged_in_history_and_audit" time="0.355" /><testcase classname="tests.test_iteration3.TestCoAPDF" name="test_no_shelf_life_pdf_omits_expiry" time="0.491" /><testcase classname="tests.test_iteration3.TestCoAPDF" name="test_superseded_pdf_marked" time="0.768" /><testcase classname="tests.test_oos_disposition.TestOosDetection" name="test_result_recorded_and_classified_fail" time="1.633" /><testcase classname="tests.test_oos_disposition.TestOosDetection" name="test_applied_specification_is_preserved_on_batch" time="0.360" /><testcase classname="tests.test_iteration3.TestCoAPDF" name="test_pdf_404_for_bad_coa" time="0.108" /><testcase classname="tests.test_oos_disposition.TestOosDetection" name="test_batch_is_on_hold_investigation_required" time="0.625" /><testcase classname="tests.test_oos_disposition.TestOosDetection" name="test_qc_cannot_release_oos_batch" time="0.957" /><testcase classname="tests.test_oos_disposition.TestDispositionDocumentationRequired" name="test_missing_mandatory_field_blocks_release[issue]" time="2.012" /><testcase classname="tests.test_oos_disposition.TestOosDetection" name="test_qc_cannot_use_qa_disposition_endpoint" time="0.619" /><testcase classname="tests.test_oos_disposition.TestDispositionDocumentationRequired" name="test_missing_mandatory_field_blocks_release[investigation_conclusion]" time="0.397" /><testcase classname="tests.test_oos_disposition.TestOosDetection" name="test_admin_cannot_use_qa_disposition_endpoint" time="0.583" /><testcase classname="tests.test_oos_disposition.TestDispositionDocumentationRequired" name="test_missing_mandatory_field_blocks_release[impact_assessment]" time="0.395" /><testcase classname="tests.test_oos_disposition.TestOosDetection" name="test_unauthenticated_request_is_rejected" time="0.609" /><testcase classname="tests.test_oos_disposition.TestDispositionDocumentationRequired" name="test_missing_mandatory_field_blocks_release[release_justification]" time="0.388" /><testcase classname="tests.test_oos_disposition.TestDispositionDocumentationRequired" name="test_evidence_reference_required" time="0.521" /><testcase classname="tests.test_oos_disposition.TestDispositionDocumentationRequired" name="test_corrective_action_required_unless_not_applicable" time="0.482" /><testcase classname="tests.test_oos_disposition.TestOosDetection" name="test_plain_qa_release_is_refused_for_oos_batch" time="0.988" /><testcase classname="tests.backend_test.TestAuth" name="test_login_admin" time="0.342" /><testcase classname="tests.backend_test.TestAuth" name="test_login_qa" time="0.420" /><testcase classname="tests.test_oos_disposition.TestDispositionDocumentationRequired" name="test_explicit_oos_acceptance_confirmation_required" time="0.716" /><testcase classname="tests.backend_test.TestAuth" name="test_login_qc" time="0.513" /><testcase classname="tests.backend_test.TestAuth" name="test_login_wrong_password" time="0.620" /><testcase classname="tests.backend_test.TestAuth" name="test_me_requires_auth" time="0.093" /><testcase classname="tests.backend_test.TestAuth" name="test_me_with_token" time="0.590" /><testcase classname="tests.backend_test.TestUserManagement" name="test_password_min_length_enforced" time="0.342" /><testcase classname="tests.test_batches.TestHoldOverdueInstrument" name="test_release_with_overdue_instrument_puts_on_hold" time="2.723" /><testcase classname="tests.backend_test.TestUserManagement" name="test_create_qc_user" time="0.368" /><testcase classname="tests.backend_test.TestUserManagement" name="test_new_user_can_login" time="0.382" /><testcase classname="tests.test_batches.TestHoldOverdueInstrument" name="test_qa_return_requires_actions_then_qc_amend" time="0.235" /><testcase classname="tests.test_batches.TestHoldOverdueInstrument" name="test_qc_amend_requires_reason" time="0.081" /><testcase classname="tests.backend_test.TestUserManagement" name="test_change_role" time="0.118" /><testcase classname="tests.test_batches.TestHoldOverdueInstrument" name="test_qc_amend_with_reason_and_switch_instrument" time="0.075" /><testcase classname="tests.backend_test.TestUserManagement" name="test_deactivate_blocks_login" time="0.452" /><testcase classname="tests.test_batches.TestHoldOverdueInstrument" name="test_qc_resubmit_and_qa_release_requires_investigation_docs" time="0.150" /><testcase classname="tests.test_batches.TestHoldOverdueInstrument" name="test_qa_release_with_documentation_generates_coa" time="0.247" /><testcase classname="tests.test_auth_security.TestAuthorisationBoundaries" name="test_non_admin_cannot_create_users" time="1.169" /><testcase classname="tests.backend_test.TestAudit" name="test_audit_has_login_and_workflow_actions" time="0.655" /><testcase classname="tests.backend_test.TestAudit" name="test_audit_filter_by_action" time="0.082" /><testcase classname="tests.backend_test.TestAudit" name="test_audit_filter_by_email" time="0.088" /><testcase classname="tests.backend_test.TestAudit" name="test_update_result_audit_has_before_after" time="0.246" /><testcase classname="tests.test_auth_security.TestAuthorisationBoundaries" name="test_non_admin_cannot_change_roles" time="1.510" /><testcase classname="tests.test_auth_security.TestSessionRevocation" name="test_logout_revokes_the_session" time="3.358" /><testcase classname="tests.test_auth_security.TestAuthorisationBoundaries" name="test_unauthenticated_cannot_list_or_create_users" time="1.094" /><testcase classname="tests.test_auth_security.TestAuthorisationBoundaries" name="test_deactivated_user_cannot_authenticate" time="1.344" /><testcase classname="tests.test_auth_security.TestSessionRevocation" name="test_refresh_cookie_cannot_be_reused_after_logout" time="3.313" /><testcase classname="tests.test_auth_security.TestAuthorisationBoundaries" name="test_deactivation_revokes_existing_sessions" time="2.528" /><testcase classname="tests.test_auth_security.TestSessionRevocation" name="test_refresh_rotates_and_invalidates_the_previous_refresh_token" time="2.544" /><testcase classname="tests.test_batches.TestSeed" name="test_products_seeded" time="2.585" /><testcase classname="tests.test_batches.TestSeed" name="test_instruments_seeded" time="0.000" /><testcase classname="tests.test_batches.TestSeed" name="test_customers_seeded" time="0.000" /><testcase classname="tests.test_batches.TestSeed" name="test_process_water_no_shelf_life" time="0.000" /><testcase classname="tests.test_batches.TestRoleGating" name="test_qa_cannot_approve_own_submitted_batch" time="0.336" /><testcase classname="tests.test_auth_security.TestSessionRevocation" name="test_password_change_revokes_other_sessions" time="4.535" /><testcase classname="tests.test_batches.TestRoleGating" name="test_qc_cannot_amend_production_date" time="0.362" /><testcase classname="tests.test_batches.TestRoleGating" name="test_qc_cannot_cancel" time="0.115" /><testcase classname="tests.test_batches.TestRoleGating" name="test_admin_cannot_cancel" time="0.790" /><testcase classname="tests.test_iteration3.TestQAQueues" name="test_qa_can_access" time="0.598" /><testcase classname="tests.test_iteration3.TestQAQueues" name="test_admin_can_access" time="0.572" /><testcase classname="tests.test_iteration3.TestQAQueues" name="test_qc_forbidden" time="1.039" /><testcase classname="tests.test_iteration3.TestQAQueues" name="test_to_send_contains_released" time="0.854" /><testcase classname="tests.test_iteration3.TestStabilityAlerts" name="test_default_alerts" time="0.263" /><testcase classname="tests.test_iteration3.TestStabilityAlerts" name="test_alerts_sorted_ascending" time="0.064" /><testcase classname="tests.test_iteration3.TestStabilityAlerts" name="test_alerts_exclude_no_shelf_life" time="0.818" /><testcase classname="tests.test_iteration3.TestStabilityAlerts" name="test_small_window_returns_fewer" time="0.134" /><testcase classname="tests.backend_test.TestRoles" name="test_qc_cannot_list_users" time="0.392" /><testcase classname="tests.test_batches.TestCustomersRBAC" name="test_qc_cannot_create_customer" time="1.822" /><testcase classname="tests.test_batches.TestCustomersRBAC" name="test_qa_cannot_create_customer" time="0.085" /><testcase classname="tests.test_batches.TestCustomersRBAC" name="test_admin_creates_and_adds_contact" time="0.373" /><testcase classname="tests.backend_test.TestRoles" name="test_qa_cannot_list_users" time="0.429" /><testcase classname="tests.backend_test.TestRoles" name="test_admin_lists_users" time="0.073" /><testcase classname="tests.backend_test.TestSeed" name="test_sample_points_seeded" time="0.045" /><testcase classname="tests.test_batches.TestCustomersRBAC" name="test_qc_qa_can_view_customers" time="0.153" /><testcase classname="tests.backend_test.TestSeed" name="test_parameters_seeded" time="0.051" /><testcase classname="tests.backend_test.TestSeed" name="test_specifications_seeded" time="0.045" /><testcase classname="tests.test_auth_security.TestFirstRunProvisioning" name="test_status_reports_disabled_when_admin_exists" time="0.157" /><testcase classname="tests.test_auth_security.TestFirstRunProvisioning" name="test_first_run_blocked_once_admin_exists" time="0.236" /><testcase classname="tests.test_auth_security.TestNoStartupCredentialReset" name="test_existing_password_survives_restart" time="58.741" /><testcase classname="tests.test_auth_security.TestFirstRunProvisioning" name="test_first_run_is_unauthenticated_but_still_guarded" time="0.409" /><testcase classname="tests.test_auth_security.TestPasswordsNeverExposed" name="test_login_response_has_no_password" time="0.618"><failure message="assert 'password' not in &quot;{'user': {'..., '': false}&quot;&#10;  &#10;  'password' is contained here:&#10;    : false, 'password_changed_at': '2026-08-14t12:36:27.220966+00:00'}, 'access_token': 'eyjhbgcioijiuzi1niisinr5cci6ikpxvcj9.eyjzdwiioijhmdi5zjy0ns0zytg4ltqyyzqtymrknc04ntzjztrkztbjmjyilcjlbwfpbci6imfkbwluqgxpbxmubg9jywwilcjyb2xlijoiywrtaw4ilcj0exblijoiywnjzxnziiwic2lkijoinjzimdbkymytzdkzny00owm5lthjmtmtyme4yjayogu2nja3iiwizxhwijoxnzg2nzqwmdgxfq.g-pdsfuo62xamntvzzny-gjaqj5projnlt2l5qeqfu0', '': false}&#10;  ?           ++++++++">backend/tests/test_auth_security.py:175: in test_login_response_has_no_password
    assert "password" not in str(body).lower().replace("must_change_password", "")
E   assert 'password' not in "{'user': {'..., '': false}"
E     
E     'password' is contained here:
E       : false, 'password_changed_at': '2026-08-14t12:36:27.220966+00:00'}, 'access_token': 'eyjhbgcioijiuzi1niisinr5cci6ikpxvcj9.eyjzdwiioijhmdi5zjy0ns0zytg4ltqyyzqtymrknc04ntzjztrkztbjmjyilcjlbwfpbci6imfkbwluqgxpbxmubg9jywwilcjyb2xlijoiywrtaw4ilcj0exblijoiywnjzxnziiwic2lkijoinjzimdbkymytzdkzny00owm5lthjmtmtyme4yjayogu2nja3iiwizxhwijoxnzg2nzqwmdgxfq.g-pdsfuo62xamntvzzny-gjaqj5projnlt2l5qeqfu0', '': false}
E     ?           ++++++++</failure></testcase><testcase classname="tests.test_auth_security.TestPasswordsNeverExposed" name="test_me_and_user_list_have_no_password" time="1.316" /><testcase classname="tests.test_auth_security.TestPasswordsNeverExposed" name="test_audit_trail_never_records_password_values" time="0.365" /><testcase classname="tests.test_auth_security.TestTemporaryPasswordFlow" name="test_created_user_must_change_password_then_can_work" time="54.430" /><testcase classname="tests.test_auth_security.TestTemporaryPasswordFlow" name="test_generated_temporary_password_is_not_returned" time="0.300" /><testcase classname="tests.test_auth_security.TestTemporaryPasswordFlow" name="test_change_password_rejects_wrong_current_password" time="4.120" /><testcase classname="tests.test_auth_security.TestNoStartupCredentialReset" name="test_no_default_credentials_accepted" time="7.297" /><testcase classname="tests.test_batches.TestCancellation" name="test_qa_cancels_batch_without_coa" time="2.328" /><testcase classname="tests.test_batches.TestCancellation" name="test_cancel_requires_reason" time="0.400" /><testcase classname="tests.test_batches.TestCancellation" name="test_cancel_blocked_when_coa_exists" time="0.255" /><testcase classname="tests.test_auth_security.TestNoStartupCredentialReset" name="test_no_plaintext_password_in_source" time="0.006" /><testcase classname="tests.test_iteration3.TestBatchReportCSV" name="test_csv_download" time="2.696" /><testcase classname="tests.test_iteration3.TestBatchReportCSV" name="test_csv_audits_export" time="0.203" /><testcase classname="tests.test_batches.TestSpecAmendment" name="test_qc_cannot_amend_product" time="1.690" /><testcase classname="tests.test_batches.TestSpecAmendment" name="test_qa_amend_shelf_life_snapshots_old_batches" time="0.289" /><testcase classname="tests.test_iteration3.TestBatchReportCSV" name="test_all_roles_can_export" time="0.476" /><testcase classname="tests.test_batches.TestSpecAmendment" name="test_amend_without_reason_rejected" time="0.059" /><testcase classname="tests.backend_test.TestDashboard" name="test_dashboard_admin" time="0.052" /><testcase classname="tests.backend_test.TestDashboard" name="test_dashboard_qc" time="0.086" /><testcase classname="tests.backend_test.TestSpecs" name="test_qc_cannot_edit_spec" time="0.313" /><testcase classname="tests.backend_test.TestSpecs" name="test_qa_edits_spec_increments_version" time="0.335" /><testcase classname="tests.test_batches.TestHoldFailResult" name="test_fail_result_holds_batch" time="2.402" /><testcase classname="tests.test_oos_disposition.TestUnresolvedBlockersStillBlock" name="test_overdue_instrument_still_blocks_release" time="1.986" /><testcase classname="tests.test_batches.TestHoldFailResult" name="test_missing_result_holds_batch" time="0.341" /><testcase classname="tests.test_oos_disposition.TestUnresolvedBlockersStillBlock" name="test_missing_result_still_blocks_release" time="0.857" /><testcase classname="tests.test_oos_disposition.TestReturnAndRejectStillWork" name="test_return_to_qc_then_amend_and_resolve" time="0.599" /><testcase classname="tests.test_oos_disposition.TestSelfApproval" name="test_qa_cannot_release_own_work" time="2.009" /><testcase classname="tests.test_oos_disposition.TestReturnAndRejectStillWork" name="test_reject_path" time="0.405" /><testcase classname="tests.test_oos_disposition.TestSelfApproval" name="test_qa_owner_is_blocked" time="1.026" /><testcase classname="tests.test_batches.TestNoShelfLife" name="test_batch_with_no_shelf_life" time="1.924" /><testcase classname="tests.test_batches.TestHistory" name="test_batch_history_records_actions" time="0.359" /><testcase classname="tests.test_batches.TestExclusiveProduct" name="test_create_batch_for_exclusive_product_locks_customer" time="1.894" /><testcase classname="tests.test_oos_disposition" name="test_disposition_requires_hold_state" time="1.527" /></testsuite></testsuites>