<?xml version="1.0" encoding="utf-8"?><testsuites name="pytest tests"><testsuite name="pytest" errors="0" failures="0" skipped="0" tests="29" time="29.519" timestamp="2026-09-09T11:09:12.780324+00:00" hostname="agent-env-14d239fe-0917-4df5-a10b-f55829005d76"><testcase classname="tests.test_sample_qa_queue" name="test_complete_submitted_sample_is_ready_for_qa_review" time="4.355" /><testcase classname="tests.test_sample_instrument_traceability" name="test_valid_compatible_ph_meter_is_accepted" time="1.877" /><testcase classname="tests.test_sample_instrument_traceability" name="test_arbitrary_or_nonexistent_identifier_is_rejected[10]" time="0.835" /><testcase classname="tests.test_sample_instrument_traceability" name="test_arbitrary_or_nonexistent_identifier_is_rejected[NOT-A-REGISTERED-INSTRUMENT]" time="0.759" /><testcase classname="tests.test_sample_instrument_traceability" name="test_methanol_rejects_hplc_and_formaldehyde_rejects_gc" time="1.359" /><testcase classname="tests.test_sample_qa_queue" name="test_incomplete_visible_record_lists_each_outstanding_parameter" time="3.876" /><testcase classname="tests.test_sample_instrument_traceability" name="test_ineligible_ph_meter_is_rejected[False-2030-01-01-2030-01-01-AVAILABLE-inactive]" time="1.271" /><testcase classname="tests.test_sample_instrument_traceability" name="test_ineligible_ph_meter_is_rejected[True-2025-01-01-2030-01-01-AVAILABLE-overdue for calibration]" time="0.884" /><testcase classname="tests.test_sample_instrument_traceability" name="test_ineligible_ph_meter_is_rejected[True-2030-01-01-2025-01-01-AVAILABLE-overdue for service]" time="0.947" /><testcase classname="tests.test_sample_instrument_traceability" name="test_ineligible_ph_meter_is_rejected[True-2030-01-01-2030-01-01-FAILED-failed state]" time="1.501" /><testcase classname="tests.test_sample_qa_queue" name="test_failed_result_appears_in_oos_investigation_queue" time="3.571" /><testcase classname="tests.test_sample_instrument_traceability" name="test_ineligible_ph_meter_is_rejected[True-2030-01-01-2030-01-01-UNAVAILABLE-unavailable]" time="0.914" /><testcase classname="tests.test_sample_instrument_traceability" name="test_required_instrument_omission_is_rejected" time="0.820" /><testcase classname="tests.test_sample_instrument_traceability" name="test_manual_parameter_stores_no_instrument_reference" time="0.774" /><testcase classname="tests.test_sample_qa_queue" name="test_invalid_required_instrument_appears_in_instrument_issue_queue" time="4.146" /><testcase classname="tests.test_sample_instrument_traceability" name="test_manual_parameter_rejects_fabricated_instrument_reference" time="0.971" /><testcase classname="tests.test_sample_instrument_traceability" name="test_historical_invalid_traceability_blocks_submit_approval_and_coa" time="1.770" /><testcase classname="tests.test_sample_instrument_traceability" name="test_valid_traceability_keeps_the_sample_workflow_functional" time="1.728" /><testcase classname="tests.test_sample_qa_queue" name="test_approved_sample_is_not_in_ready_for_review" time="4.380" /><testcase classname="tests.test_sample_completeness.TestIncompleteBlockedOnSubmit" name="test_partial_results_report_pending_overall" time="1.763" /><testcase classname="tests.test_sample_completeness.TestIncompleteBlockedOnSubmit" name="test_submit_rejected_with_outstanding_names" time="0.732" /><testcase classname="tests.test_sample_completeness.TestIncompleteBlockedOnCoA" name="test_incomplete_coa_rejected" time="0.660" /><testcase classname="tests.test_sample_completeness.TestIncompleteBlockedOnCoA" name="test_incomplete_coa_error_identifies_each_outstanding_parameter" time="0.611" /><testcase classname="tests.test_sample_completeness.TestIncompleteBlockedOnApprove" name="test_crafted_pending_review_incomplete_approve_rejected" time="1.795" /><testcase classname="tests.test_sample_qa_queue" name="test_rejected_sample_is_returned_rejected_and_oos" time="4.534" /><testcase classname="tests.test_sample_completeness.TestCompleteAllPass" name="test_complete_all_pass_submit_and_approve" time="1.761" /><testcase classname="tests.test_sample_completeness.TestFailPathUnchanged" name="test_failed_result_path_still_works" time="1.256" /><testcase classname="tests.test_sample_qa_queue" name="test_record_with_incomplete_and_instrument_issues_has_both_reasons" time="3.594" /><testcase classname="tests.test_sample_qa_queue" name="test_qc_cannot_access_sample_qa_queue_information" time="0.483" /></testsuite></testsuites>