<?xml version="1.0" encoding="utf-8"?><testsuites name="pytest tests"><testsuite name="pytest" errors="0" failures="0" skipped="0" tests="21" time="15.927" timestamp="2026-09-07T13:57:50.414285+00:00" hostname="agent-env-14d239fe-0917-4df5-a10b-f55829005d76"><testcase classname="tests.test_sample_instrument_traceability" name="test_valid_compatible_ph_meter_is_accepted" time="1.744" /><testcase classname="tests.test_sample_completeness.TestIncompleteBlockedOnSubmit" name="test_partial_results_report_pending_overall" time="2.213" /><testcase classname="tests.test_sample_instrument_traceability" name="test_arbitrary_or_nonexistent_identifier_is_rejected[10]" time="0.896" /><testcase classname="tests.test_sample_completeness.TestIncompleteBlockedOnSubmit" name="test_submit_rejected_with_outstanding_names" time="0.856" /><testcase classname="tests.test_sample_instrument_traceability" name="test_arbitrary_or_nonexistent_identifier_is_rejected[NOT-A-REGISTERED-INSTRUMENT]" time="0.874" /><testcase classname="tests.test_sample_completeness.TestIncompleteBlockedOnCoA" name="test_incomplete_coa_rejected" time="0.881" /><testcase classname="tests.test_sample_instrument_traceability" name="test_methanol_rejects_hplc_and_formaldehyde_rejects_gc" time="1.232" /><testcase classname="tests.test_sample_completeness.TestIncompleteBlockedOnCoA" name="test_incomplete_coa_error_identifies_each_outstanding_parameter" time="0.670" /><testcase classname="tests.test_sample_completeness.TestIncompleteBlockedOnApprove" name="test_crafted_pending_review_incomplete_approve_rejected" time="1.364" /><testcase classname="tests.test_sample_instrument_traceability" name="test_ineligible_ph_meter_is_rejected[False-2030-01-01-2030-01-01-AVAILABLE-inactive]" time="1.225" /><testcase classname="tests.test_sample_instrument_traceability" name="test_ineligible_ph_meter_is_rejected[True-2025-01-01-2030-01-01-AVAILABLE-overdue for calibration]" time="1.175" /><testcase classname="tests.test_sample_completeness.TestCompleteAllPass" name="test_complete_all_pass_submit_and_approve" time="1.618" /><testcase classname="tests.test_sample_instrument_traceability" name="test_ineligible_ph_meter_is_rejected[True-2030-01-01-2025-01-01-AVAILABLE-overdue for service]" time="1.214" /><testcase classname="tests.test_sample_completeness.TestFailPathUnchanged" name="test_failed_result_path_still_works" time="1.525" /><testcase classname="tests.test_sample_instrument_traceability" name="test_ineligible_ph_meter_is_rejected[True-2030-01-01-2030-01-01-FAILED-failed state]" time="0.848" /><testcase classname="tests.test_sample_instrument_traceability" name="test_ineligible_ph_meter_is_rejected[True-2030-01-01-2030-01-01-UNAVAILABLE-unavailable]" time="0.865" /><testcase classname="tests.test_sample_instrument_traceability" name="test_required_instrument_omission_is_rejected" time="0.776" /><testcase classname="tests.test_sample_instrument_traceability" name="test_manual_parameter_stores_no_instrument_reference" time="0.754" /><testcase classname="tests.test_sample_instrument_traceability" name="test_manual_parameter_rejects_fabricated_instrument_reference" time="0.711" /><testcase classname="tests.test_sample_instrument_traceability" name="test_historical_invalid_traceability_blocks_submit_approval_and_coa" time="1.548" /><testcase classname="tests.test_sample_instrument_traceability" name="test_valid_traceability_keeps_the_sample_workflow_functional" time="1.398" /></testsuite></testsuites>