<?xml version="1.0" encoding="utf-8"?><testsuites name="pytest tests"><testsuite name="pytest" errors="0" failures="0" skipped="0" tests="7" time="6.709" timestamp="2026-09-07T11:37:42.742746+00:00" hostname="agent-env-14d239fe-0917-4df5-a10b-f55829005d76"><testcase classname="tests.test_sample_completeness.TestIncompleteBlockedOnSubmit" name="test_partial_results_report_pending_overall" time="2.040" /><testcase classname="tests.test_sample_completeness.TestIncompleteBlockedOnCoA" name="test_incomplete_coa_rejected" time="2.041" /><testcase classname="tests.test_sample_completeness.TestIncompleteBlockedOnSubmit" name="test_submit_rejected_with_outstanding_names" time="1.131" /><testcase classname="tests.test_sample_completeness.TestIncompleteBlockedOnCoA" name="test_incomplete_coa_error_identifies_each_outstanding_parameter" time="0.771" /><testcase classname="tests.test_sample_completeness.TestCompleteAllPass" name="test_complete_all_pass_submit_and_approve" time="1.791" /><testcase classname="tests.test_sample_completeness.TestIncompleteBlockedOnApprove" name="test_crafted_pending_review_incomplete_approve_rejected" time="1.375" /><testcase classname="tests.test_sample_completeness.TestFailPathUnchanged" name="test_failed_result_path_still_works" time="1.332" /></testsuite></testsuites>