<?xml version="1.0" encoding="utf-8"?><testsuites name="pytest tests"><testsuite name="pytest" errors="0" failures="0" skipped="0" tests="18" time="4.160" timestamp="2026-08-13T07:35:41.128531+00:00" hostname="agent-env-ab666072-4a53-47c4-9449-a1349b2b73ae"><testcase classname="tests.test_iteration3.TestQAQueues" name="test_qa_can_access" time="0.892" /><testcase classname="tests.test_iteration3.TestQAQueues" name="test_admin_can_access" time="0.611" /><testcase classname="tests.test_iteration3.TestQAQueues" name="test_qc_forbidden" time="0.368" /><testcase classname="tests.test_iteration3.TestCoAPDF" name="test_active_pdf_download" time="2.081" /><testcase classname="tests.test_iteration3.TestCoAPDF" name="test_qc_can_also_download" time="0.106" /><testcase classname="tests.test_iteration3.TestCoAPDF" name="test_admin_can_download" time="0.061" /><testcase classname="tests.test_iteration3.TestQAQueues" name="test_to_send_contains_released" time="0.411" /><testcase classname="tests.test_iteration3.TestCoAPDF" name="test_pdf_download_logged_in_history_and_audit" time="0.142" /><testcase classname="tests.test_iteration3.TestStabilityAlerts" name="test_default_alerts" time="0.046" /><testcase classname="tests.test_iteration3.TestStabilityAlerts" name="test_alerts_sorted_ascending" time="0.047" /><testcase classname="tests.test_iteration3.TestStabilityAlerts" name="test_alerts_exclude_no_shelf_life" time="0.339" /><testcase classname="tests.test_iteration3.TestStabilityAlerts" name="test_small_window_returns_fewer" time="0.106" /><testcase classname="tests.test_iteration3.TestCoAPDF" name="test_no_shelf_life_pdf_omits_expiry" time="0.451" /><testcase classname="tests.test_iteration3.TestBatchReportCSV" name="test_csv_download" time="0.047" /><testcase classname="tests.test_iteration3.TestCoAPDF" name="test_superseded_pdf_marked" time="0.504" /><testcase classname="tests.test_iteration3.TestBatchReportCSV" name="test_csv_audits_export" time="0.097" /><testcase classname="tests.test_iteration3.TestBatchReportCSV" name="test_all_roles_can_export" time="0.147" /><testcase classname="tests.test_iteration3.TestCoAPDF" name="test_pdf_404_for_bad_coa" time="0.050" /></testsuite></testsuites>