<?xml version="1.0" encoding="utf-8"?><testsuites name="pytest tests"><testsuite name="pytest" errors="0" failures="0" skipped="0" tests="33" time="5.742" timestamp="2026-08-11T13:14:24.628914+00:00" hostname="agent-env-ab666072-4a53-47c4-9449-a1349b2b73ae"><testcase classname="tests.backend_test.TestAuth" name="test_login_admin" time="0.732" /><testcase classname="tests.backend_test.TestAuth" name="test_login_qa" time="0.490" /><testcase classname="tests.backend_test.TestAuth" name="test_login_qc" time="0.407" /><testcase classname="tests.backend_test.TestWorkflow" name="test_qc_creates_sample" time="1.351" /><testcase classname="tests.backend_test.TestWorkflow" name="test_qc_saves_results_pass_warn_fail" time="0.270" /><testcase classname="tests.backend_test.TestWorkflow" name="test_appearance_mismatch_fails" time="0.051" /><testcase classname="tests.backend_test.TestAuth" name="test_login_wrong_password" time="0.453" /><testcase classname="tests.backend_test.TestWorkflow" name="test_qc_cannot_approve" time="0.099" /><testcase classname="tests.backend_test.TestWorkflow" name="test_qa_reject_requires_comment" time="0.245" /><testcase classname="tests.backend_test.TestWorkflow" name="test_qa_reject_with_comment_creates_oos" time="0.108" /><testcase classname="tests.backend_test.TestAuth" name="test_me_requires_auth" time="0.124" /><testcase classname="tests.backend_test.TestWorkflow" name="test_resubmit_and_approve_locks" time="0.149" /><testcase classname="tests.backend_test.TestWorkflow" name="test_coa_export" time="0.048" /><testcase classname="tests.backend_test.TestAuth" name="test_me_with_token" time="0.652" /><testcase classname="tests.backend_test.TestAudit" name="test_audit_has_login_and_workflow_actions" time="0.567" /><testcase classname="tests.backend_test.TestUserManagement" name="test_password_min_length_enforced" time="0.110" /><testcase classname="tests.backend_test.TestAudit" name="test_audit_filter_by_action" time="0.048" /><testcase classname="tests.backend_test.TestAudit" name="test_audit_filter_by_email" time="0.056" /><testcase classname="tests.backend_test.TestUserManagement" name="test_create_qc_user" time="0.289" /><testcase classname="tests.backend_test.TestAudit" name="test_update_result_audit_has_before_after" time="0.243" /><testcase classname="tests.backend_test.TestRoles" name="test_qc_cannot_list_users" time="0.046" /><testcase classname="tests.backend_test.TestUserManagement" name="test_new_user_can_login" time="0.344" /><testcase classname="tests.backend_test.TestRoles" name="test_qa_cannot_list_users" time="0.048" /><testcase classname="tests.backend_test.TestRoles" name="test_admin_lists_users" time="0.257" /><testcase classname="tests.backend_test.TestSeed" name="test_sample_points_seeded" time="0.048" /><testcase classname="tests.backend_test.TestUserManagement" name="test_change_role" time="0.110" /><testcase classname="tests.backend_test.TestSeed" name="test_parameters_seeded" time="0.045" /><testcase classname="tests.backend_test.TestSeed" name="test_specifications_seeded" time="0.050" /><testcase classname="tests.backend_test.TestUserManagement" name="test_deactivate_blocks_login" time="0.486" /><testcase classname="tests.backend_test.TestDashboard" name="test_dashboard_admin" time="0.049" /><testcase classname="tests.backend_test.TestDashboard" name="test_dashboard_qc" time="0.052" /><testcase classname="tests.backend_test.TestSpecs" name="test_qc_cannot_edit_spec" time="0.484" /><testcase classname="tests.backend_test.TestSpecs" name="test_qa_edits_spec_increments_version" time="0.507" /></testsuite></testsuites>